This is pdfTeX, Version 3.141592653-2.6-1.40.27 (TeX Live 2025) (preloaded format=pdflatex 2025.3.8)  14 APR 2026 17:44
entering extended mode
 restricted \write18 enabled.
 file:line:error style messages enabled.
 %&-line parsing enabled.
**/Users/viraj/Documents/GitHub/origin-website/blogs/muon/latex/main.tex
(/Users/viraj/Documents/GitHub/origin-website/blogs/muon/latex/main.tex
LaTeX2e <2024-11-01> patch level 2
L3 programming layer <2025-01-18>
(/usr/local/texlive/2025basic/texmf-dist/tex/latex/base/article.cls
Document Class: article 2024/06/29 v1.4n Standard LaTeX document class
(/usr/local/texlive/2025basic/texmf-dist/tex/latex/base/size10.clo
File: size10.clo 2024/06/29 v1.4n Standard LaTeX file (size option)
)
\c@part=\count196
\c@section=\count197
\c@subsection=\count198
\c@subsubsection=\count199
\c@paragraph=\count266
\c@subparagraph=\count267
\c@figure=\count268
\c@table=\count269
\abovecaptionskip=\skip49
\belowcaptionskip=\skip50
\bibindent=\dimen141
) (./neurips_2026.sty
Package: neurips_2026 2026-01-29 NeurIPS 2026 submission/camera-ready style file


! LaTeX Error: File `environ.sty' not found.

Type X to quit or <RETURN> to proceed,
or enter new name. (Default extension: sty)

Enter file name: 
./neurips_2026.sty:105: Emergency stop.
<read *> 
         
l.105 \newcommand
                 {\acksection}{\section*{Acknowledgments and Disclosure of F...
*** (cannot \read from terminal in nonstop modes)

 
Here is how much of TeX's memory you used:
 294 strings out of 474662
 3982 string characters out of 5751110
 388133 words of memory out of 5000000
 23421 multiletter control sequences out of 15000+600000
 558837 words of font info for 36 fonts, out of 8000000 for 9000
 319 hyphenation exceptions out of 8191
 35i,0n,43p,232b,36s stack positions out of 10000i,1000n,20000p,200000b,200000s
./neurips_2026.sty:105:  ==> Fatal error occurred, no output PDF file produced!
